<?xml version="1.0" encoding="UTF-8"?>
<testsuite xmlns:xsi="http://www.w3.org/2001/XMLSchema-instance" xsi:noNamespaceSchemaLocation="https://maven.apache.org/surefire/maven-surefire-plugin/xsd/surefire-test-report-3.0.xsd" version="3.0" name="com.railway.search.SearchServiceApplicationTests" time="15.702" tests="3" errors="0" skipped="0" failures="0">
  <properties>
[...]
</properties>
  <testcase name="testTatkalSearchAggregation" classname="com.railway.search.SearchServiceApplicationTests" time="3.623">
    <system-out><![CDATA[13:54:21.594 [main] INFO org.springframework.test.context.support.AnnotationConfigContextLoaderUtils -- Could not detect default configuration classes for test class [com.railway.search.SearchServiceApplicationTests]: SearchServiceApplicationTests does not declare any static, non-private, non-final, nested classes annotated with @Configuration.
13:54:22.016 [main] INFO org.springframework.boot.test.context.SpringBootTestContextBootstrapper -- Found @SpringBootConfiguration com.railway.search.SearchServiceApplication for test class com.railway.search.SearchServiceApplicationTests

  .   ____          _            __ _ _
 /\\ / ___'_ __ _ _(_)_ __  __ _ \ \ \ \
( ( )\___ | '_ | '_| | '_ \/ _` | \ \ \ \
 \\/  ___)| |_)| | | | | || (_| |  ) ) ) )
  '  |____| .__|_| |_|_| |_\__, | / / / /
 =========|_|==============|___/=/_/_/_/

 :: Spring Boot ::                (v3.3.4)

2026-09-15T13:54:23.877+05:30  INFO 13532 --- [SEARCH-SERVICE] [           main] c.r.s.SearchServiceApplicationTests      : Starting SearchServiceApplicationTests using Java 24.0.1 with PID 13532 (started by user in C:\Users\user\Downloads\onlinerailwayprojectwithUI\online-railway-reservation-system\search-service)
2026-09-15T13:54:23.881+05:30  INFO 13532 --- [SEARCH-SERVICE] [           main] c.r.s.SearchServiceApplicationTests      : No active profile set, falling back to 1 default profile: "default"
2026-09-15T13:54:28.114+05:30  INFO 13532 --- [SEARCH-SERVICE] [           main] o.s.cloud.context.scope.GenericScope     : BeanFactory id=9981f512-5964-30d1-b172-884b5d015605
2026-09-15T13:54:28.514+05:30  WARN 13532 --- [SEARCH-SERVICE] [           main] trationDelegate$BeanPostProcessorChecker : Bean 'org.springframework.cloud.client.loadbalancer.LoadBalancerAutoConfiguration$DeferringLoadBalancerInterceptorConfig' of type [org.springframework.cloud.client.loadbalancer.LoadBalancerAutoConfiguration$DeferringLoadBalancerInterceptorConfig] is not eligible for getting processed by all BeanPostProcessors (for example: not eligible for auto-proxying). The currently created BeanPostProcessor [lbRestClientPostProcessor] is declared through a non-static factory method on that class; consider declaring it as static instead.
2026-09-15T13:54:28.522+05:30  WARN 13532 --- [SEARCH-SERVICE] [           main] trationDelegate$BeanPostProcessorChecker : Bean 'deferringLoadBalancerInterceptor' of type [org.springframework.cloud.client.loadbalancer.DeferringLoadBalancerInterceptor] is not eligible for getting processed by all BeanPostProcessors (for example: not eligible for auto-proxying). Is this bean getting eagerly injected into a currently created BeanPostProcessor [lbRestClientPostProcessor]? Check the corresponding BeanPostProcessor declaration and its dependencies.
2026-09-15T13:54:28.526+05:30  WARN 13532 --- [SEARCH-SERVICE] [           main] trationDelegate$BeanPostProcessorChecker : Bean 'org.springframework.cloud.client.loadbalancer.reactive.LoadBalancerBeanPostProcessorAutoConfiguration' of type [org.springframework.cloud.client.loadbalancer.reactive.LoadBalancerBeanPostProcessorAutoConfiguration] is not eligible for getting processed by all BeanPostProcessors (for example: not eligible for auto-proxying). The currently created BeanPostProcessor [loadBalancerWebClientBuilderBeanPostProcessor] is declared through a non-static factory method on that class; consider declaring it as static instead.
2026-09-15T13:54:28.529+05:30  WARN 13532 --- [SEARCH-SERVICE] [           main] trationDelegate$BeanPostProcessorChecker : Bean 'org.springframework.cloud.client.loadbalancer.reactive.LoadBalancerBeanPostProcessorAutoConfiguration$ReactorDeferringLoadBalancerFilterConfig' of type [org.springframework.cloud.client.loadbalancer.reactive.LoadBalancerBeanPostProcessorAutoConfiguration$ReactorDeferringLoadBalancerFilterConfig] is not eligible for getting processed by all BeanPostProcessors (for example: not eligible for auto-proxying). Is this bean getting eagerly injected into a currently created BeanPostProcessor [loadBalancerWebClientBuilderBeanPostProcessor]? Check the corresponding BeanPostProcessor declaration and its dependencies.
2026-09-15T13:54:28.535+05:30  WARN 13532 --- [SEARCH-SERVICE] [           main] trationDelegate$BeanPostProcessorChecker : Bean 'reactorDeferringLoadBalancerExchangeFilterFunction' of type [org.springframework.cloud.client.loadbalancer.reactive.DeferringLoadBalancerExchangeFilterFunction] is not eligible for getting processed by all BeanPostProcessors (for example: not eligible for auto-proxying). Is this bean getting eagerly injected into a currently created BeanPostProcessor [loadBalancerWebClientBuilderBeanPostProcessor]? Check the corresponding BeanPostProcessor declaration and its dependencies.
2026-09-15T13:54:32.113+05:30  INFO 13532 --- [SEARCH-SERVICE] [           main] DiscoveryClientOptionalArgsConfiguration : Eureka HTTP Client uses RestTemplate.
2026-09-15T13:54:32.255+05:30  WARN 13532 --- [SEARCH-SERVICE] [           main] iguration$LoadBalancerCaffeineWarnLogger : Spring Cloud LoadBalancer is currently working with the default cache. While this cache implementation is useful for development and tests, it's recommended to use Caffeine cache in production.You can switch to using Caffeine cache, by adding it and org.springframework.cache.caffeine.CaffeineCacheManager to the classpath.
2026-09-15T13:54:32.302+05:30  INFO 13532 --- [SEARCH-SERVICE] [           main] o.s.b.a.e.web.EndpointLinksResolver      : Exposing 1 endpoint beneath base path '/actuator'
2026-09-15T13:54:32.706+05:30  INFO 13532 --- [SEARCH-SERVICE] [           main] c.r.s.SearchServiceApplicationTests      : Started SearchServiceApplicationTests in 10.102 seconds (process running for 13.74)
2026-09-15T13:54:36.459+05:30  WARN 13532 --- [SEARCH-SERVICE] [           main] o.s.c.l.core.RoundRobinLoadBalancer      : No servers available for service: TRAIN-SERVICE
2026-09-15T13:54:36.461+05:30  WARN 13532 --- [SEARCH-SERVICE] [           main] eactorLoadBalancerExchangeFilterFunction : LoadBalancer does not contain an instance for the service TRAIN-SERVICE
]]></system-out>
  </testcase>
  <testcase name="testTrainSearchAggregation" classname="com.railway.search.SearchServiceApplicationTests" time="0.017">
    <system-out><![CDATA[2026-09-15T13:54:36.666+05:30  WARN 13532 --- [SEARCH-SERVICE] [           main] o.s.c.l.core.RoundRobinLoadBalancer      : No servers available for service: TRAIN-SERVICE
2026-09-15T13:54:36.666+05:30  WARN 13532 --- [SEARCH-SERVICE] [           main] eactorLoadBalancerExchangeFilterFunction : LoadBalancer does not contain an instance for the service TRAIN-SERVICE
]]></system-out>
  </testcase>
  <testcase name="testDepartedTrainCutoffAndNextDay" classname="com.railway.search.SearchServiceApplicationTests" time="0.018">
    <system-out><![CDATA[2026-09-15T13:54:36.687+05:30  WARN 13532 --- [SEARCH-SERVICE] [           main] o.s.c.l.core.RoundRobinLoadBalancer      : No servers available for service: TRAIN-SERVICE
2026-09-15T13:54:36.687+05:30  WARN 13532 --- [SEARCH-SERVICE] [           main] eactorLoadBalancerExchangeFilterFunction : LoadBalancer does not contain an instance for the service TRAIN-SERVICE
]]></system-out>
  </testcase>
</testsuite>